app/build/outputs/logs/manifest-merger-debug-report.txt
-- Merging decision tree log ---
manifest
ADDED from src\main\AndroidManifest.xml:2:1-93:12
	package
		ADDED from src\main\AndroidManifest.xml:3:5-27
		INJECTED from src\main\AndroidManifest.xml
		INJECTED from src\main\AndroidManifest.xml
	android:versionName
		ADDED from src\main\AndroidManifest.xml:5:5-34
	android:versionCode
		ADDED from src\main\AndroidManifest.xml:4:5-28
		INJECTED from src\main\AndroidManifest.xml
		INJECTED from src\main\AndroidManifest.xml
	xmlns:android
		ADDED from src\main\AndroidManifest.xml:2:11-69
uses-sdk
ADDED from src\main\AndroidManifest.xml:7:5-9:41
MERGED from [com.android.support:appcompat-v7:19.1.0] AndroidManifest.xml:18:5-42
	android:targetSdkVersion
		ADDED from src\main\AndroidManifest.xml:9:9-38
		INJECTED from src\main\AndroidManifest.xml
		INJECTED from src\main\AndroidManifest.xml
	android:minSdkVersion
		ADDED from src\main\AndroidManifest.xml:8:9-35
		INJECTED from src\main\AndroidManifest.xml
		INJECTED from src\main\AndroidManifest.xml
uses-permission#android.permission.INTERNET
ADDED from src\main\AndroidManifest.xml:11:5-67
	android:name
		ADDED from src\main\AndroidManifest.xml:11:22-64
uses-permission#android.permission.VIBRATE
ADDED from src\main\AndroidManifest.xml:12:5-66
	android:name
		ADDED from src\main\AndroidManifest.xml:12:22-63
uses-permission#android.permission.CAMERA
ADDED from src\main\AndroidManifest.xml:13:5-65
	android:name
		ADDED from src\main\AndroidManifest.xml:13:22-62
uses-permission#android.permission.ACCESS_NETWORK_STATE
ADDED from src\main\AndroidManifest.xml:14:5-79
	android:name
		ADDED from src\main\AndroidManifest.xml:14:22-76
uses-permission#android.permission.WRITE_EXTERNAL_STORAGE
ADDED from src\main\AndroidManifest.xml:15:5-81
	android:name
		ADDED from src\main\AndroidManifest.xml:15:22-78
uses-permission#android.permission.ACCESS_DOWNLOAD_MANAGER
ADDED from src\main\AndroidManifest.xml:16:5-82
	android:name
		ADDED from src\main\AndroidManifest.xml:16:22-79
uses-permission#android.permission.DOWNLOAD_WITHOUT_NOTIFICATION
ADDED from src\main\AndroidManifest.xml:17:5-88
	android:name
		ADDED from src\main\AndroidManifest.xml:17:22-85
uses-permission#android.permission.CALL_PHONE
ADDED from src\main\AndroidManifest.xml:19:6-69
	android:name
		ADDED from src\main\AndroidManifest.xml:19:23-67
uses-feature#android.hardware.camera
ADDED from src\main\AndroidManifest.xml:21:5-60
	android:name
		ADDED from src\main\AndroidManifest.xml:21:19-57
uses-feature#android.hardware.camera.autofocus
ADDED from src\main\AndroidManifest.xml:22:5-70
	android:name
		ADDED from src\main\AndroidManifest.xml:22:19-67
uses-permission#android.permission.READ_EXTERNAL_STORAGE
ADDED from src\main\AndroidManifest.xml:24:5-80
	android:name
		ADDED from src\main\AndroidManifest.xml:24:22-77
application
ADDED from src\main\AndroidManifest.xml:26:5-91:19
MERGED from [com.android.support:appcompat-v7:19.1.0] AndroidManifest.xml:19:5-20
	android:label
		ADDED from src\main\AndroidManifest.xml:29:9-41
	android:allowBackup
		ADDED from src\main\AndroidManifest.xml:27:9-35
	android:icon
		ADDED from src\main\AndroidManifest.xml:28:9-38
	android:theme
		ADDED from src\main\AndroidManifest.xml:30:9-45
activity#com.sellsapp.basic.MainActivity
ADDED from src\main\AndroidManifest.xml:31:9-32:20
	android:name
		ADDED from src\main\AndroidManifest.xml:31:19-53
activity#com.sellsapp.home.BuyBookActivity
ADDED from src\main\AndroidManifest.xml:33:9-58
	android:name
		ADDED from src\main\AndroidManifest.xml:33:19-55
activity#com.sellsapp.home.SellBookActivity
ADDED from src\main\AndroidManifest.xml:34:9-59
	android:name
		ADDED from src\main\AndroidManifest.xml:34:19-56
activity#com.sellsapp.home.SearchActivity
ADDED from src\main\AndroidManifest.xml:35:9-57
	android:name
		ADDED from src\main\AndroidManifest.xml:35:19-54
activity#com.sellsapp.home.CaptureActivity
ADDED from src\main\AndroidManifest.xml:36:9-40:63
	android:screenOrientation
		ADDED from src\main\AndroidManifest.xml:39:13-49
	android:windowSoftInputMode
		ADDED from src\main\AndroidManifest.xml:40:13-60
	android:configChanges
		ADDED from src\main\AndroidManifest.xml:38:13-63
	android:name
		ADDED from src\main\AndroidManifest.xml:37:13-49
activity#com.sellsapp.home.BookInfoDetiActivity
ADDED from src\main\AndroidManifest.xml:41:9-44:20
	android:label
		ADDED from src\main\AndroidManifest.xml:43:13-66
	android:name
		ADDED from src\main\AndroidManifest.xml:42:13-54
activity#com.sellsapp.welcome.WeclomeActivity
ADDED from src\main\AndroidManifest.xml:45:9-51:20
	android:name
		ADDED from src\main\AndroidManifest.xml:45:19-58
intent-filter#android.intent.action.MAIN+android.intent.category.LAUNCHER
ADDED from src\main\AndroidManifest.xml:46:13-50:29
action#android.intent.action.MAIN
ADDED from src\main\AndroidManifest.xml:47:17-69
	android:name
		ADDED from src\main\AndroidManifest.xml:47:25-66
category#android.intent.category.LAUNCHER
ADDED from src\main\AndroidManifest.xml:49:17-77
	android:name
		ADDED from src\main\AndroidManifest.xml:49:27-74
activity#com.sellsapp.welcome.GuideActivity
ADDED from src\main\AndroidManifest.xml:52:9-55:20
	android:label
		ADDED from src\main\AndroidManifest.xml:54:13-57
	android:name
		ADDED from src\main\AndroidManifest.xml:53:13-50
activity#com.sellsapp.personal.LoginActivity
ADDED from src\main\AndroidManifest.xml:56:9-57:20
	android:name
		ADDED from src\main\AndroidManifest.xml:56:19-57
activity#com.sellsapp.personal.RegisterActivity
ADDED from src\main\AndroidManifest.xml:58:9-63
	android:name
		ADDED from src\main\AndroidManifest.xml:58:19-60
activity#com.sellsapp.personal.PersonalBuyActivity
ADDED from src\main\AndroidManifest.xml:59:9-66
	android:name
		ADDED from src\main\AndroidManifest.xml:59:19-63
activity#com.sellsapp.personal.PersonalSellActivity
ADDED from src\main\AndroidManifest.xml:60:9-67
	android:name
		ADDED from src\main\AndroidManifest.xml:60:19-64
activity#com.sellsapp.personal.PersonalSettingActivity
ADDED from src\main\AndroidManifest.xml:61:9-70
	android:name
		ADDED from src\main\AndroidManifest.xml:61:19-67
activity#com.sellsapp.personal.Aboutus
ADDED from src\main\AndroidManifest.xml:62:9-54
	android:name
		ADDED from src\main\AndroidManifest.xml:62:19-51
activity#com.sellsapp.personal.MessageRemanding
ADDED from src\main\AndroidManifest.xml:63:9-63
	android:name
		ADDED from src\main\AndroidManifest.xml:63:19-60
activity#com.sellsapp.personal.PwdChange
ADDED from src\main\AndroidManifest.xml:64:9-56
	android:name
		ADDED from src\main\AndroidManifest.xml:64:19-53
activity#com.sellsapp.personal.UpdataCheck
ADDED from src\main\AndroidManifest.xml:65:9-58
	android:name
		ADDED from src\main\AndroidManifest.xml:65:19-55
activity#com.sellsapp.message.TestActivity
ADDED from src\main\AndroidManifest.xml:66:9-58
	android:name
		ADDED from src\main\AndroidManifest.xml:66:19-55
activity#com.sellsapp.shoppingcart.CartItemActivity
ADDED from src\main\AndroidManifest.xml:67:9-67
	android:name
		ADDED from src\main\AndroidManifest.xml:67:19-64
activity#com.sellsapp.personal.PDeitActivity
ADDED from src\main\AndroidManifest.xml:68:9-60
	android:name
		ADDED from src\main\AndroidManifest.xml:68:19-57
activity#com.sellsapp.personal.SellDeitActivity
ADDED from src\main\AndroidManifest.xml:69:9-63
	android:name
		ADDED from src\main\AndroidManifest.xml:69:19-60
activity#com.sellsapp.personal.WebViewActivity
ADDED from src\main\AndroidManifest.xml:70:9-73
	android:name
		ADDED from src\main\AndroidManifest.xml:70:19-71
activity#com.sellsapp.message.chat.ChatMessageActivity
ADDED from src\main\AndroidManifest.xml:71:9-81
	android:name
		ADDED from src\main\AndroidManifest.xml:71:19-79
activity#com.sellsapp.message.MessageActivity
ADDED from src\main\AndroidManifest.xml:72:9-72
	android:name
		ADDED from src\main\AndroidManifest.xml:72:19-70
service#com.sellsapp.message.myServer
ADDED from src\main\AndroidManifest.xml:74:9-75:19
	android:name
		ADDED from src\main\AndroidManifest.xml:74:18-50
service#com.sellsapp.message.MyService
ADDED from src\main\AndroidManifest.xml:76:9-77:19
	android:name
		ADDED from src\main\AndroidManifest.xml:76:18-51
receiver#com.sellsapp.message.AlarmReceiver
ADDED from src\main\AndroidManifest.xml:79:9-80:20
	android:name
		ADDED from src\main\AndroidManifest.xml:79:19-56
activity#com.sellsapp.home.UpAppActivity
ADDED from src\main\AndroidManifest.xml:83:9-86:20
	android:theme
		ADDED from src\main\AndroidManifest.xml:85:13-56
	android:name
		ADDED from src\main\AndroidManifest.xml:84:13-59
service#com.sellsapp.service.UpAppService
ADDED from src\main\AndroidManifest.xml:88:3-63
	android:name
		ADDED from src\main\AndroidManifest.xml:88:12-60
service#com.sellsapp.tcp.service.TCPService
ADDED from src\main\AndroidManifest.xml:89:3-64
	android:name
		ADDED from src\main\AndroidManifest.xml:89:12-62